[Yt] Canal: Oliver Nabani
WARNING: [youtube] IM-WDOL4q60: Some web client https formats have been skipped as they are missing a url. YouTube is forcing SABR streaming for this client. See  https://github.com/yt-dlp/yt-dlp/issues/12482  for more details
[Yt] yt_IM-WDOL4q60 más de 10 días
[Yt] Canal: Jordi LLatzer
WARNING: [youtube] UDZUuJYz3l4: Some web client https formats have been skipped as they are missing a url. YouTube is forcing SABR streaming for this client. See  https://github.com/yt-dlp/yt-dlp/issues/12482  for more details
[Yt] yt_UDZUuJYz3l4 más de 10 días
[Yt] Canal: Wall Street Wolverine
[Yt] yt_RoJA_bAKeY8 ya procesado
[Yt] yt_YUR6yReK3AI ya procesado
[Yt] yt_28dieVmNjW4 ya procesado
[Yt] yt_ixfHTVFBCt0 ya procesado
[Yt] yt_uIitzhx_u8Q ya procesado
[Yt] yt_deR2L2pf7rw ya procesado
[Yt] yt_nxdrn_9gEY8 ya procesado
[Yt] yt_A29gaNvRf10 ya procesado
[Yt] yt_ltX8Ukg7p-Y ya procesado
[Yt] yt_rHMJyVNUzsA ya procesado
[Yt] yt_m0p5kKFgifg ya procesado
WARNING: [youtube] 7LvhEEu4hso: Some web client https formats have been skipped as they are missing a url. YouTube is forcing SABR streaming for this client. See  https://github.com/yt-dlp/yt-dlp/issues/12482  for more details
[Yt] yt_7LvhEEu4hso más de 10 días
[Yt] Canal: Solo Fonseca
WARNING: [youtube] uhc8OuY26VI: Some web client https formats have been skipped as they are missing a url. YouTube is forcing SABR streaming for this client. See  https://github.com/yt-dlp/yt-dlp/issues/12482  for more details
WARNING: [youtube] uhc8OuY26VI: Some web client https formats have been skipped as they are missing a url. YouTube is forcing SABR streaming for this client. See  https://github.com/yt-dlp/yt-dlp/issues/12482  for more details
ERROR: unable to download video data: HTTP Error 403: Forbidden
[Yt] Error descargando https://www.youtube.com/watch?v=uhc8OuY26VI: ERROR: unable to download video data: HTTP Error 403: Forbidden
[Yt] Error descargando yt_uhc8OuY26VI
[Yt] yt_Gjk-TE7N09E ya procesado
[Yt] yt_1EqwaJvZ5s8 ya procesado
[Yt] yt_UuXp8tlaPLU ya procesado
[Yt] yt_DYez5KnUcaA ya procesado
[Yt] yt_4lmgufKpYHU ya procesado
[Yt] yt_gOu1_ku-pnU ya procesado
[Yt] yt_9qCL73h8xEM ya procesado
[Yt] yt_X9lXG9L7AaQ ya procesado
[Yt] yt_y-DvNnsv19U ya procesado
[Yt] yt_ECQQG47fyYU ya procesado
WARNING: [youtube] Ky27HoRRy_w: Some web client https formats have been skipped as they are missing a url. YouTube is forcing SABR streaming for this client. See  https://github.com/yt-dlp/yt-dlp/issues/12482  for more details
[Yt] yt_Ky27HoRRy_w más de 10 días
[Yt] Canal: Marc Vidal
[Yt] yt_5-0K8_uBH5U ya procesado
[Yt] yt_lu1OOETSFOo ya procesado
[Yt] yt_d0ibYvQcpis ya procesado
[Yt] yt_5eBF0g_h04I ya procesado
[Yt] yt_Mymv-n8lV2s ya procesado
[Yt] yt_Co9bEMzJGKE ya procesado
[Yt] yt_kqAe7PgefNQ ya procesado
WARNING: [youtube] na2jPYrFYPA: Some web client https formats have been skipped as they are missing a url. YouTube is forcing SABR streaming for this client. See  https://github.com/yt-dlp/yt-dlp/issues/12482  for more details
[Yt] yt_na2jPYrFYPA más de 10 días
[Yt] Canal: WorldCast
[Yt] yt_4bJFLBwn9gc ya procesado
[Yt] yt_DvtWvB5H85g ya procesado
WARNING: [youtube] MKmyXptEdfc: Some web client https formats have been skipped as they are missing a url. YouTube is forcing SABR streaming for this client. See  https://github.com/yt-dlp/yt-dlp/issues/12482  for more details
[Yt] yt_MKmyXptEdfc más de 10 días
[Yt] Canal: Dross Rotzank
[Yt] yt_T7jQHMhRVLs ya procesado
[Yt] yt_rQOSaChWUtw ya procesado
[Yt] yt_u_bnQvnx9YM ya procesado
[Yt] yt_GyzhSuyqIu4 ya procesado
[Yt] yt_5p-Qc6VpkZM ya procesado
[Yt] yt_T-e-zNC8S0Y ya procesado
[Yt] yt_ZW4ho_0R2rw ya procesado
ERROR: [youtube] qy2ymoKbCWc: Sign in to confirm your age. This video may be inappropriate for some users. Use --cookies-from-browser or --cookies for the authentication. See  https://github.com/yt-dlp/yt-dlp/wiki/FAQ#how-do-i-pass-cookies-to-yt-dlp  for how to manually pass cookies. Also see  https://github.com/yt-dlp/yt-dlp/wiki/Extractors#exporting-youtube-cookies  for tips on effectively exporting YouTube cookies
[Yt] Error metadata https://www.youtube.com/watch?v=qy2ymoKbCWc: ERROR: [youtube] qy2ymoKbCWc: Sign in to confirm your age. This video may be inappropriate for some users. Use --cookies-from-browser or --cookies for the authentication. See  https://github.com/yt-dlp/yt-dlp/wiki/FAQ#how-do-i-pass-cookies-to-yt-dlp  for how to manually pass cookies. Also see  https://github.com/yt-dlp/yt-dlp/wiki/Extractors#exporting-youtube-cookies  for tips on effectively exporting YouTube cookies
[Yt] yt_qy2ymoKbCWc sin datos, saltando
WARNING: [youtube] Cq1fDxWZgJs: Some web client https formats have been skipped as they are missing a url. YouTube is forcing SABR streaming for this client. See  https://github.com/yt-dlp/yt-dlp/issues/12482  for more details
[Yt] yt_Cq1fDxWZgJs más de 10 días
[Yt] Canal: The Wild Project
[Yt] yt_58GoXIoBeyI ya procesado
[Yt] yt_3WNSt_X0NK0 ya procesado
[Yt] yt_mEKgWthLR-U ya procesado
[Yt] yt_yobCYosRF8Q ya procesado
[Yt] yt_iTqMvMa0wCg ya procesado
[Yt] yt_IhvqvNe0MPU ya procesado
[Yt] yt_eJJpYshpfbU ya procesado
[Yt] yt_rsxAN0K-kIA ya procesado
[Yt] yt_qkL62-HICfI ya procesado
[Yt] yt_zdF7pPp6DRI ya procesado
[Yt] yt_9OcuBZ1a6ps ya procesado
[Yt] yt_SRj2Vl-AFzE ya procesado
[Yt] yt_X08Tmm703Ko ya procesado
[Yt] yt_rIhGbhagFOU ya procesado
[Yt] yt_OrqaE76fsxw ya procesado
[Yt] yt_8bXfkKTJ7e0 ya procesado
[Yt] yt_VeY0SNdI-x0 ya procesado
[Yt] yt_7kOE_RJeZfE ya procesado
[Yt] yt_Mgn4Tbqopbw ya procesado
[Yt] yt_z_nBmwQshQM ya procesado
[Yt] yt_cMR_htQ19Mg ya procesado
[Yt] yt_Uj00X8ZHLA0 ya procesado
[Yt] yt__usBeGTY3Hs ya procesado
[Yt] yt_fbFxLnN4YQ0 ya procesado
[Yt] yt_MLstFPWAd48 ya procesado
[Yt] Canal: Red Pill
[Yt] yt_dumO_6S7FoQ ya procesado
[Yt] yt_1tpXqVxrkoY ya procesado
[Yt] yt_J5tC_ZFFP5o ya procesado
WARNING: [youtube] iq8GbYtQZIY: Some web client https formats have been skipped as they are missing a url. YouTube is forcing SABR streaming for this client. See  https://github.com/yt-dlp/yt-dlp/issues/12482  for more details
[Yt] yt_iq8GbYtQZIY más de 10 días
[Yt] Canal: La contracronica
[Yt] yt_ADs-dbOLTug ya procesado
[Yt] yt_pcK-375qOcc ya procesado
[Yt] yt_RTsBcVcs1so ya procesado
[Yt] yt_Xj2SN2WcCIU ya procesado
[Yt] yt_3t6gmcMpfx8 ya procesado
[Yt] yt_mjs6ixE3wkw ya procesado
[Yt] yt_srVl6hzS_7Q ya procesado
[Yt] yt_E2s8ee3PIt0 ya procesado
[Yt] yt_wxvAjE10xcQ ya procesado
[Yt] yt_qe5MN5eH9xw ya procesado
WARNING: [youtube] 1bnlmpStWtU: Some web client https formats have been skipped as they are missing a url. YouTube is forcing SABR streaming for this client. See  https://github.com/yt-dlp/yt-dlp/issues/12482  for more details
[Yt] yt_1bnlmpStWtU más de 10 días
[Yt] Canal: Punto de vista
[Yt] yt_FbCauQa6f3M ya procesado
[Yt] yt_8v-tf_3wkmg ya procesado
[Yt] yt_mzNocyYOPUY ya procesado
WARNING: [youtube] OgEHS9AcXrQ: Some web client https formats have been skipped as they are missing a url. YouTube is forcing SABR streaming for this client. See  https://github.com/yt-dlp/yt-dlp/issues/12482  for more details
[Yt] yt_OgEHS9AcXrQ más de 10 días
[Yt] Canal: LordDraugr
[Yt] yt_-C2IvwVqBy8 ya procesado
[Yt] yt_NPkHJmrzUS0 ya procesado
WARNING: [youtube] 24MGgIyhbsg: Some web client https formats have been skipped as they are missing a url. YouTube is forcing SABR streaming for this client. See  https://github.com/yt-dlp/yt-dlp/issues/12482  for more details
[Yt] yt_24MGgIyhbsg más de 10 días
[Tw] Procesando canal: Jordi Llatzer
[Tw] twt_2681050644 ya procesado
[Tw] twt_2680161881 ya procesado
[Tw] twt_2679143842 ya procesado
[Tw] twt_2678135473 ya procesado
[Tw] twt_2677234624 ya procesado
[Kc] Disabled → saltando
[Fd] generado en /data/feed.xml
[Fd] Feed ok con 100 episodios
[Rc] Feed subido
[Rc] Subiendo todos los .mp3 desde /data/audio → Sherlockes78_GD:/sherlocaster
[Rc] Subida de carpeta audio OK
[Rc] Borrando > 15 días
[Rc] Limpieza remota OK
