[Yt] Canal: Oliver Nabani
WARNING: [youtube] IM-WDOL4q60: Some web client https formats have been skipped as they are missing a url. YouTube is forcing SABR streaming for this client. See  https://github.com/yt-dlp/yt-dlp/issues/12482  for more details
[Yt] yt_IM-WDOL4q60 más de 10 días
[Yt] Canal: Jordi LLatzer
WARNING: [youtube] UDZUuJYz3l4: Some web client https formats have been skipped as they are missing a url. YouTube is forcing SABR streaming for this client. See  https://github.com/yt-dlp/yt-dlp/issues/12482  for more details
[Yt] yt_UDZUuJYz3l4 más de 10 días
[Yt] Canal: Wall Street Wolverine
WARNING: [youtube] QA5M3mTxmlQ: Some web client https formats have been skipped as they are missing a url. YouTube is forcing SABR streaming for this client. See  https://github.com/yt-dlp/yt-dlp/issues/12482  for more details
WARNING: [youtube] QA5M3mTxmlQ: Some web client https formats have been skipped as they are missing a url. YouTube is forcing SABR streaming for this client. See  https://github.com/yt-dlp/yt-dlp/issues/12482  for more details
ERROR: unable to download video data: HTTP Error 403: Forbidden
[Yt] Error descargando https://www.youtube.com/watch?v=QA5M3mTxmlQ: ERROR: unable to download video data: HTTP Error 403: Forbidden
[Yt] Error descargando yt_QA5M3mTxmlQ
WARNING: [youtube] Um16FdEqPYk: Some web client https formats have been skipped as they are missing a url. YouTube is forcing SABR streaming for this client. See  https://github.com/yt-dlp/yt-dlp/issues/12482  for more details
WARNING: [youtube] Um16FdEqPYk: Some web client https formats have been skipped as they are missing a url. YouTube is forcing SABR streaming for this client. See  https://github.com/yt-dlp/yt-dlp/issues/12482  for more details
ERROR: unable to download video data: HTTP Error 403: Forbidden
[Yt] Error descargando https://www.youtube.com/watch?v=Um16FdEqPYk: ERROR: unable to download video data: HTTP Error 403: Forbidden
[Yt] Error descargando yt_Um16FdEqPYk
[Yt] yt_nquCsbDJV6s ya procesado
[Yt] yt_RoJA_bAKeY8 ya procesado
[Yt] yt_YUR6yReK3AI ya procesado
[Yt] yt_28dieVmNjW4 ya procesado
[Yt] yt_ixfHTVFBCt0 ya procesado
[Yt] yt_uIitzhx_u8Q ya procesado
[Yt] yt_deR2L2pf7rw ya procesado
[Yt] yt_nxdrn_9gEY8 ya procesado
[Yt] yt_A29gaNvRf10 ya procesado
[Yt] yt_ltX8Ukg7p-Y ya procesado
WARNING: [youtube] rHMJyVNUzsA: Some web client https formats have been skipped as they are missing a url. YouTube is forcing SABR streaming for this client. See  https://github.com/yt-dlp/yt-dlp/issues/12482  for more details
[Yt] yt_rHMJyVNUzsA más de 10 días
[Yt] Canal: Solo Fonseca
WARNING: [youtube] wZH56qBD5jI: Some web client https formats have been skipped as they are missing a url. YouTube is forcing SABR streaming for this client. See  https://github.com/yt-dlp/yt-dlp/issues/12482  for more details
WARNING: [youtube] wZH56qBD5jI: Some web client https formats have been skipped as they are missing a url. YouTube is forcing SABR streaming for this client. See  https://github.com/yt-dlp/yt-dlp/issues/12482  for more details
ERROR: unable to download video data: HTTP Error 403: Forbidden
[Yt] Error descargando https://www.youtube.com/watch?v=wZH56qBD5jI: ERROR: unable to download video data: HTTP Error 403: Forbidden
[Yt] Error descargando yt_wZH56qBD5jI
WARNING: [youtube] wO2NxGjb4Sw: Some web client https formats have been skipped as they are missing a url. YouTube is forcing SABR streaming for this client. See  https://github.com/yt-dlp/yt-dlp/issues/12482  for more details
WARNING: [youtube] wO2NxGjb4Sw: Some web client https formats have been skipped as they are missing a url. YouTube is forcing SABR streaming for this client. See  https://github.com/yt-dlp/yt-dlp/issues/12482  for more details
ERROR: unable to download video data: HTTP Error 403: Forbidden
[Yt] Error descargando https://www.youtube.com/watch?v=wO2NxGjb4Sw: ERROR: unable to download video data: HTTP Error 403: Forbidden
[Yt] Error descargando yt_wO2NxGjb4Sw
[Yt] yt_LYgiI8x1wBI ya procesado
[Yt] yt_uhc8OuY26VI ya procesado
[Yt] yt_Gjk-TE7N09E ya procesado
[Yt] yt_1EqwaJvZ5s8 ya procesado
[Yt] yt_UuXp8tlaPLU ya procesado
[Yt] yt_DYez5KnUcaA ya procesado
[Yt] yt_4lmgufKpYHU ya procesado
[Yt] yt_gOu1_ku-pnU ya procesado
WARNING: [youtube] 9qCL73h8xEM: Some web client https formats have been skipped as they are missing a url. YouTube is forcing SABR streaming for this client. See  https://github.com/yt-dlp/yt-dlp/issues/12482  for more details
[Yt] yt_9qCL73h8xEM más de 10 días
[Yt] Canal: Marc Vidal
WARNING: [youtube] uoFmpd0RILw: Some web client https formats have been skipped as they are missing a url. YouTube is forcing SABR streaming for this client. See  https://github.com/yt-dlp/yt-dlp/issues/12482  for more details
WARNING: [youtube] uoFmpd0RILw: Some web client https formats have been skipped as they are missing a url. YouTube is forcing SABR streaming for this client. See  https://github.com/yt-dlp/yt-dlp/issues/12482  for more details
ERROR: unable to download video data: HTTP Error 403: Forbidden
[Yt] Error descargando https://www.youtube.com/watch?v=uoFmpd0RILw: ERROR: unable to download video data: HTTP Error 403: Forbidden
[Yt] Error descargando yt_uoFmpd0RILw
WARNING: [youtube] HDCI0gOxUj8: Some web client https formats have been skipped as they are missing a url. YouTube is forcing SABR streaming for this client. See  https://github.com/yt-dlp/yt-dlp/issues/12482  for more details
WARNING: [youtube] HDCI0gOxUj8: Some web client https formats have been skipped as they are missing a url. YouTube is forcing SABR streaming for this client. See  https://github.com/yt-dlp/yt-dlp/issues/12482  for more details
ERROR: unable to download video data: HTTP Error 403: Forbidden
[Yt] Error descargando https://www.youtube.com/watch?v=HDCI0gOxUj8: ERROR: unable to download video data: HTTP Error 403: Forbidden
[Yt] Error descargando yt_HDCI0gOxUj8
[Yt] yt_5-0K8_uBH5U ya procesado
[Yt] yt_lu1OOETSFOo ya procesado
[Yt] yt_d0ibYvQcpis ya procesado
[Yt] yt_5eBF0g_h04I ya procesado
WARNING: [youtube] Mymv-n8lV2s: Some web client https formats have been skipped as they are missing a url. YouTube is forcing SABR streaming for this client. See  https://github.com/yt-dlp/yt-dlp/issues/12482  for more details
[Yt] yt_Mymv-n8lV2s más de 10 días
[Yt] Canal: WorldCast
[Yt] yt_Z00KcgBX75U ya procesado
[Yt] yt_4bJFLBwn9gc ya procesado
WARNING: [youtube] DvtWvB5H85g: Some web client https formats have been skipped as they are missing a url. YouTube is forcing SABR streaming for this client. See  https://github.com/yt-dlp/yt-dlp/issues/12482  for more details
[Yt] yt_DvtWvB5H85g más de 10 días
[Yt] Canal: Dross Rotzank
WARNING: [youtube] nowTdanUdnk: Some web client https formats have been skipped as they are missing a url. YouTube is forcing SABR streaming for this client. See  https://github.com/yt-dlp/yt-dlp/issues/12482  for more details
WARNING: [youtube] nowTdanUdnk: Some web client https formats have been skipped as they are missing a url. YouTube is forcing SABR streaming for this client. See  https://github.com/yt-dlp/yt-dlp/issues/12482  for more details
ERROR: unable to download video data: HTTP Error 403: Forbidden
[Yt] Error descargando https://www.youtube.com/watch?v=nowTdanUdnk: ERROR: unable to download video data: HTTP Error 403: Forbidden
[Yt] Error descargando yt_nowTdanUdnk
[Yt] yt_2Zd-X-4MmG8 ya procesado
[Yt] yt_T7jQHMhRVLs ya procesado
[Yt] yt_rQOSaChWUtw ya procesado
[Yt] yt_u_bnQvnx9YM ya procesado
[Yt] yt_GyzhSuyqIu4 ya procesado
[Yt] yt_5p-Qc6VpkZM ya procesado
WARNING: [youtube] T-e-zNC8S0Y: Some web client https formats have been skipped as they are missing a url. YouTube is forcing SABR streaming for this client. See  https://github.com/yt-dlp/yt-dlp/issues/12482  for more details
[Yt] yt_T-e-zNC8S0Y más de 10 días
[Yt] Canal: The Wild Project
WARNING: [youtube] zJrY4pfTVyI: Some web client https formats have been skipped as they are missing a url. YouTube is forcing SABR streaming for this client. See  https://github.com/yt-dlp/yt-dlp/issues/12482  for more details
WARNING: [youtube] zJrY4pfTVyI: Some web client https formats have been skipped as they are missing a url. YouTube is forcing SABR streaming for this client. See  https://github.com/yt-dlp/yt-dlp/issues/12482  for more details
ERROR: unable to download video data: HTTP Error 403: Forbidden
[Yt] Error descargando https://www.youtube.com/watch?v=zJrY4pfTVyI: ERROR: unable to download video data: HTTP Error 403: Forbidden
[Yt] Error descargando yt_zJrY4pfTVyI
WARNING: [youtube] ClYjWTnI2HU: Some web client https formats have been skipped as they are missing a url. YouTube is forcing SABR streaming for this client. See  https://github.com/yt-dlp/yt-dlp/issues/12482  for more details
WARNING: [youtube] ClYjWTnI2HU: Some web client https formats have been skipped as they are missing a url. YouTube is forcing SABR streaming for this client. See  https://github.com/yt-dlp/yt-dlp/issues/12482  for more details
ERROR: unable to download video data: HTTP Error 403: Forbidden
[Yt] Error descargando https://www.youtube.com/watch?v=ClYjWTnI2HU: ERROR: unable to download video data: HTTP Error 403: Forbidden
[Yt] Error descargando yt_ClYjWTnI2HU
WARNING: [youtube] 6i5_ZQw9UPo: Some web client https formats have been skipped as they are missing a url. YouTube is forcing SABR streaming for this client. See  https://github.com/yt-dlp/yt-dlp/issues/12482  for more details
WARNING: [youtube] 6i5_ZQw9UPo: Some web client https formats have been skipped as they are missing a url. YouTube is forcing SABR streaming for this client. See  https://github.com/yt-dlp/yt-dlp/issues/12482  for more details
ERROR: unable to download video data: HTTP Error 403: Forbidden
[Yt] Error descargando https://www.youtube.com/watch?v=6i5_ZQw9UPo: ERROR: unable to download video data: HTTP Error 403: Forbidden
[Yt] Error descargando yt_6i5_ZQw9UPo
WARNING: [youtube] HbLuVt7z8Cw: Some web client https formats have been skipped as they are missing a url. YouTube is forcing SABR streaming for this client. See  https://github.com/yt-dlp/yt-dlp/issues/12482  for more details
WARNING: [youtube] HbLuVt7z8Cw: Some web client https formats have been skipped as they are missing a url. YouTube is forcing SABR streaming for this client. See  https://github.com/yt-dlp/yt-dlp/issues/12482  for more details
ERROR: unable to download video data: HTTP Error 403: Forbidden
[Yt] Error descargando https://www.youtube.com/watch?v=HbLuVt7z8Cw: ERROR: unable to download video data: HTTP Error 403: Forbidden
[Yt] Error descargando yt_HbLuVt7z8Cw
[Yt] yt_KYS8LDiiSBs ya procesado
WARNING: [youtube] K2HbeHRcJu8: Some web client https formats have been skipped as they are missing a url. YouTube is forcing SABR streaming for this client. See  https://github.com/yt-dlp/yt-dlp/issues/12482  for more details
[Yt] yt_K2HbeHRcJu8. 4m < 5m
[Yt] yt_Kul477fkRgY ya procesado
[Yt] yt_1DExMfzd7mY ya procesado
[Yt] yt_lNO5nJcAt0E ya procesado
[Yt] yt_58GoXIoBeyI ya procesado
[Yt] yt_3WNSt_X0NK0 ya procesado
[Yt] yt_mEKgWthLR-U ya procesado
[Yt] yt_yobCYosRF8Q ya procesado
[Yt] yt_iTqMvMa0wCg ya procesado
[Yt] yt_IhvqvNe0MPU ya procesado
[Yt] yt_eJJpYshpfbU ya procesado
[Yt] yt_rsxAN0K-kIA ya procesado
[Yt] yt_qkL62-HICfI ya procesado
[Yt] yt_zdF7pPp6DRI ya procesado
[Yt] yt_9OcuBZ1a6ps ya procesado
[Yt] yt_SRj2Vl-AFzE ya procesado
[Yt] yt_X08Tmm703Ko ya procesado
[Yt] yt_rIhGbhagFOU ya procesado
[Yt] yt_OrqaE76fsxw ya procesado
[Yt] yt_8bXfkKTJ7e0 ya procesado
[Yt] Canal: Red Pill
WARNING: [youtube] FsyCdAJpopM: Some web client https formats have been skipped as they are missing a url. YouTube is forcing SABR streaming for this client. See  https://github.com/yt-dlp/yt-dlp/issues/12482  for more details
WARNING: [youtube] FsyCdAJpopM: Some web client https formats have been skipped as they are missing a url. YouTube is forcing SABR streaming for this client. See  https://github.com/yt-dlp/yt-dlp/issues/12482  for more details
ERROR: unable to download video data: HTTP Error 403: Forbidden
[Yt] Error descargando https://www.youtube.com/watch?v=FsyCdAJpopM: ERROR: unable to download video data: HTTP Error 403: Forbidden
[Yt] Error descargando yt_FsyCdAJpopM
[Yt] yt_dumO_6S7FoQ ya procesado
WARNING: [youtube] 1tpXqVxrkoY: Some web client https formats have been skipped as they are missing a url. YouTube is forcing SABR streaming for this client. See  https://github.com/yt-dlp/yt-dlp/issues/12482  for more details
[Yt] yt_1tpXqVxrkoY más de 10 días
[Yt] Canal: La contracronica
WARNING: [youtube] ZquJmroqG6c: Some web client https formats have been skipped as they are missing a url. YouTube is forcing SABR streaming for this client. See  https://github.com/yt-dlp/yt-dlp/issues/12482  for more details
WARNING: [youtube] ZquJmroqG6c: Some web client https formats have been skipped as they are missing a url. YouTube is forcing SABR streaming for this client. See  https://github.com/yt-dlp/yt-dlp/issues/12482  for more details
ERROR: unable to download video data: HTTP Error 403: Forbidden
[Yt] Error descargando https://www.youtube.com/watch?v=ZquJmroqG6c: ERROR: unable to download video data: HTTP Error 403: Forbidden
[Yt] Error descargando yt_ZquJmroqG6c
WARNING: [youtube] 9ajiWuZYd5I: Some web client https formats have been skipped as they are missing a url. YouTube is forcing SABR streaming for this client. See  https://github.com/yt-dlp/yt-dlp/issues/12482  for more details
WARNING: [youtube] 9ajiWuZYd5I: Some web client https formats have been skipped as they are missing a url. YouTube is forcing SABR streaming for this client. See  https://github.com/yt-dlp/yt-dlp/issues/12482  for more details
ERROR: unable to download video data: HTTP Error 403: Forbidden
[Yt] Error descargando https://www.youtube.com/watch?v=9ajiWuZYd5I: ERROR: unable to download video data: HTTP Error 403: Forbidden
[Yt] Error descargando yt_9ajiWuZYd5I
WARNING: [youtube] Elg8pfh7rLE: Some web client https formats have been skipped as they are missing a url. YouTube is forcing SABR streaming for this client. See  https://github.com/yt-dlp/yt-dlp/issues/12482  for more details
WARNING: [youtube] Elg8pfh7rLE: Some web client https formats have been skipped as they are missing a url. YouTube is forcing SABR streaming for this client. See  https://github.com/yt-dlp/yt-dlp/issues/12482  for more details
ERROR: unable to download video data: HTTP Error 403: Forbidden
[Yt] Error descargando https://www.youtube.com/watch?v=Elg8pfh7rLE: ERROR: unable to download video data: HTTP Error 403: Forbidden
[Yt] Error descargando yt_Elg8pfh7rLE
WARNING: [youtube] KGFmI6WxLtQ: Some web client https formats have been skipped as they are missing a url. YouTube is forcing SABR streaming for this client. See  https://github.com/yt-dlp/yt-dlp/issues/12482  for more details
WARNING: [youtube] KGFmI6WxLtQ: Some web client https formats have been skipped as they are missing a url. YouTube is forcing SABR streaming for this client. See  https://github.com/yt-dlp/yt-dlp/issues/12482  for more details
ERROR: unable to download video data: HTTP Error 403: Forbidden
[Yt] Error descargando https://www.youtube.com/watch?v=KGFmI6WxLtQ: ERROR: unable to download video data: HTTP Error 403: Forbidden
[Yt] Error descargando yt_KGFmI6WxLtQ
[Yt] yt_4mPh-kvTlMg ya procesado
[Yt] yt_ADs-dbOLTug ya procesado
[Yt] yt_pcK-375qOcc ya procesado
[Yt] yt_RTsBcVcs1so ya procesado
[Yt] yt_Xj2SN2WcCIU ya procesado
[Yt] yt_3t6gmcMpfx8 ya procesado
[Yt] yt_mjs6ixE3wkw ya procesado
[Yt] yt_srVl6hzS_7Q ya procesado
[Yt] yt_E2s8ee3PIt0 ya procesado
[Yt] yt_wxvAjE10xcQ ya procesado
[Yt] yt_qe5MN5eH9xw ya procesado
WARNING: [youtube] 1bnlmpStWtU: Some web client https formats have been skipped as they are missing a url. YouTube is forcing SABR streaming for this client. See  https://github.com/yt-dlp/yt-dlp/issues/12482  for more details
[Yt] yt_1bnlmpStWtU más de 10 días
[Yt] Canal: Punto de vista
[Yt] yt__-zRAY5lzac ya procesado
[Yt] yt_FbCauQa6f3M ya procesado
[Yt] yt_8v-tf_3wkmg ya procesado
[Yt] yt_mzNocyYOPUY ya procesado
WARNING: [youtube] OgEHS9AcXrQ: Some web client https formats have been skipped as they are missing a url. YouTube is forcing SABR streaming for this client. See  https://github.com/yt-dlp/yt-dlp/issues/12482  for more details
[Yt] yt_OgEHS9AcXrQ más de 10 días
[Yt] Canal: LordDraugr
[Yt] yt_NFipm-uCEO8 ya procesado
[Yt] yt_-C2IvwVqBy8 ya procesado
WARNING: [youtube] NPkHJmrzUS0: Some web client https formats have been skipped as they are missing a url. YouTube is forcing SABR streaming for this client. See  https://github.com/yt-dlp/yt-dlp/issues/12482  for more details
[Yt] yt_NPkHJmrzUS0 más de 10 días
[Tw] Procesando canal: Jordi Llatzer
[Tw] twt_2683702060 ya procesado
[Tw] twt_2682831077 ya procesado
[Tw] twt_2681945473 ya procesado
[Tw] twt_2681050644 ya procesado
[Tw] twt_2680161881 ya procesado
[Kc] Config → content=vods, limit=1, limit_days=3, audio_bitrate=64k
[Kc] Procesando canal: Jordi Llatzer (jordillatzer)
[Kick] Descargando audio desde: https://stream.kick.com/3c81249a5ce0/ivs/v1/196233775518/wTUM7vhoNiLL/2026/1/29/20/55/ONa7TKd3eT8Y/media/hls/160p30/playlist.m3u8
[Kick] ffmpeg falló con código 234
[Kick] No se pudo descargar kck_94307183
[Kick] Descargando audio desde: https://stream.kick.com/3c81249a5ce0/ivs/v1/196233775518/wTUM7vhoNiLL/2026/1/28/21/5/KwXfelA7Cfkf/media/hls/160p30/playlist.m3u8
[Kick] ffmpeg falló con código 234
[Kick] No se pudo descargar kck_94158080
[Fd] generado en /data/feed.xml
[Fd] Feed ok con 90 episodios
[Rc] Feed subido
[Rc] Subiendo todos los .mp3 desde /data/audio → Sherlockes78_GD:/sherlocaster
[Rc] Subida de carpeta audio OK
[Rc] Borrando > 15 días
[Rc] Limpieza remota OK
