[Yt] Canal: Oliver Nabani
[Yt] yt_IM-WDOL4q60 ya procesado
[Yt] yt_q-B5UwNfhxk más de 5 días
[Yt] Canal: Jordi LLatzer
[Yt] yt_UDZUuJYz3l4 ya procesado
[Yt] yt_9tkYdkcVAc0 más de 5 días
[Yt] Canal: Wall Street Wolverine
[Yt] yt_rHMJyVNUzsA ya procesado
[Yt] yt_m0p5kKFgifg ya procesado
[Yt] yt_7LvhEEu4hso ya procesado
[Yt] yt_HqjdGbhN38w ya procesado
[Yt] yt_4aDGd7hKkMk ya procesado
[Yt] Canal: Solo Fonseca
[Yt] yt_9qCL73h8xEM ya procesado
[Yt] yt_X9lXG9L7AaQ ya procesado
[Yt] yt_y-DvNnsv19U ya procesado
[Yt] yt_ECQQG47fyYU ya procesado
[Yt] yt_Ky27HoRRy_w ya procesado
[Yt] Canal: Marc Vidal
[Yt] yt_Mymv-n8lV2s ya procesado
[Yt] yt_Co9bEMzJGKE ya procesado
[Yt] yt_kqAe7PgefNQ ya procesado
[Yt] yt_na2jPYrFYPA ya procesado
[Yt] yt_xA5muCWeeLA ya procesado
[Yt] Canal: WorldCast
[Yt] yt_DvtWvB5H85g ya procesado
[Yt] yt_MKmyXptEdfc ya procesado
[Yt] yt_y4s7Od_f1jE ya procesado
[Yt] yt_vh2kzlw3go8 más de 5 días
[Yt] Canal: Dross Rotzank
[Yt] yt_T-e-zNC8S0Y ya procesado
[Yt] yt_ZW4ho_0R2rw ya procesado
[Yt] yt_qy2ymoKbCWc ya procesado
[Yt] yt_Cq1fDxWZgJs ya procesado
[Yt] yt_P56c3oGRuAg ya procesado
[Yt] Canal: The Wild Project
[Yt] yt_E5uRb8ZYbZo ya procesado
[Yt] yt_JPkPqZ-6L4w ya procesado
[Yt] yt_qVCSBu1UNb0. 3m < 5m
[Yt] yt_mX_2EpBSC5c ya procesado
[Yt] yt_mtmzNLo6Hzc ya procesado
[Yt] Canal: Red Pill
[Yt] yt_1tpXqVxrkoY ya procesado
[Yt] yt_J5tC_ZFFP5o ya procesado
[Yt] yt_iq8GbYtQZIY ya procesado
[Yt] yt_73EOY0s15wE ya procesado
[Yt] yt_lRq2aN1T6zw ya procesado
[Yt] Canal: La contracronica
[Yt] yt_zC5s4q2LBvM ya procesado
[Yt] yt_ytxW7QdQGCU ya procesado
[Yt] yt_rL_7Zsg5Rak ya procesado
[Yt] yt_MUmEhU4jULc ya procesado
[Yt] yt_QbqgJIgEcRc ya procesado
[Yt] Canal: Punto de vista
[Yt] yt_OgEHS9AcXrQ ya procesado
[Yt] yt_K5Fn_2cfbxg más de 5 días
[Yt] Canal: LordDraugr
[Yt] yt_NPkHJmrzUS0 ya procesado
[Yt] yt_24MGgIyhbsg ya procesado
[Yt] yt_tdEtFCmMbpM más de 5 días
[Tw] Procesando canal: Jordi Llatzer
[Tw] twt_2670940377 ya procesado
[Tw] twt_2669203496 ya procesado
[Tw] twt_2668340551 ya procesado
[Tw] twt_2667513421 ya procesado
[Tw] twt_2666560165 ya procesado
[Fd] generado en /data/feed.xml
[Fd] Feed ok con 83 episodios
[Rc] Feed subido
[Rc] Subiendo todos los .mp3 desde /data/audio → Sherlockes78_GD:/sherlocaster
[Rc] Subida de carpeta audio OK
[Rc] Borrando > 15 días
[Rc] Limpieza remota OK
